This file contains any messages produced by compilers while
running configure, to aid debugging if configure makes a mistake.

It was created by trxcon configure 0.0.0, which was
generated by GNU Autoconf 2.69.  Invocation command line was

  $ ./configure 

## --------- ##
## Platform. ##
## --------- ##

hostname = debi
uname -m = x86_64
uname -r = 5.3.0-46-generic
uname -s = Linux
uname -v = #38~18.04.1-Ubuntu SMP Tue Mar 31 04:17:56 UTC 2020

/usr/bin/uname -p = unknown
/bin/uname -X     = unknown

/bin/arch              = unknown
/usr/bin/arch -k       = unknown
/usr/convex/getsysinfo = unknown
/usr/bin/hostinfo      = unknown
/bin/machine           = unknown
/usr/bin/oslevel       = unknown
/bin/universe          = unknown

PATH: /home/fatah/.local/bin
PATH: /usr/local/sbin
PATH: /usr/local/bin
PATH: /usr/sbin
PATH: /usr/bin
PATH: /sbin
PATH: /bin
PATH: /usr/games
PATH: /usr/local/games
PATH: .
PATH: /snap/bin
PATH: /opt/rocm/bin
PATH: /opt/rocm/profiler/bin
PATH: /opt/rocm/opencl/bin/x86_64
PATH: /opt/rocm/bin
PATH: /opt/rocm/profiler/bin
PATH: /opt/rocm/opencl/bin/x86_64
PATH: /opt/rocm/bin
PATH: /opt/rocm/profiler/bin
PATH: /opt/rocm/opencl/bin/x86_64
PATH: /opt/rocm/bin
PATH: /home/fatah/github/gnuarm/install/bin


## ----------- ##
## Core tests. ##
## ----------- ##

configure:1962: checking for a BSD-compatible install
configure:2030: result: /usr/bin/install -c
configure:2041: checking whether build environment is sane
configure:2096: result: yes
configure:2247: checking for a thread-safe mkdir -p
configure:2286: result: /bin/mkdir -p
configure:2293: checking for gawk
configure:2309: found /usr/bin/gawk
configure:2320: result: gawk
configure:2331: checking whether make sets $(MAKE)
configure:2353: result: yes
configure:2382: checking whether make supports nested variables
configure:2399: result: yes
configure:2537: checking whether make supports nested variables
configure:2554: result: yes
configure:2566: checking whether make sets $(MAKE)
configure:2588: result: yes
configure:2645: checking for gcc
configure:2661: found /usr/bin/gcc
configure:2672: result: gcc
configure:2901: checking for C compiler version
configure:2910: gcc --version >&5
gcc (Debian 9.2.1-30) 9.2.1 20200224
Copyright (C) 2019 Free Software Foundation, Inc.
This is free software; see the source for copying conditions.  There is NO
warranty; not even for MERCHANTABILITY or FITNESS FOR A PARTICULAR PURPOSE.

configure:2921: $? = 0
configure:2910: gcc -v >&5
Using built-in specs.
COLLECT_GCC=gcc
COLLECT_LTO_WRAPPER=/usr/lib/gcc/x86_64-linux-gnu/9/lto-wrapper
OFFLOAD_TARGET_NAMES=nvptx-none:hsa
OFFLOAD_TARGET_DEFAULT=1
Target: x86_64-linux-gnu
Configured with: ../src/configure -v --with-pkgversion='Debian 9.2.1-30' --with-bugurl=file:///usr/share/doc/gcc-9/README.Bugs --enable-languages=c,ada,c++,go,brig,d,fortran,objc,obj-c++,gm2 --prefix=/usr --with-gcc-major-version-only --program-suffix=-9 --program-prefix=x86_64-linux-gnu- --enable-shared --enable-linker-build-id --libexecdir=/usr/lib --without-included-gettext --enable-threads=posix --libdir=/usr/lib --enable-nls --enable-bootstrap --enable-clocale=gnu --enable-libstdcxx-debug --enable-libstdcxx-time=yes --with-default-libstdcxx-abi=new --enable-gnu-unique-object --disable-vtable-verify --enable-plugin --enable-default-pie --with-system-zlib --with-target-system-zlib=auto --enable-objc-gc=auto --enable-multiarch --disable-werror --with-arch-32=i686 --with-abi=m64 --with-multilib-list=m32,m64,mx32 --enable-multilib --with-tune=generic --enable-offload-targets=nvptx-none,hsa --without-cuda-driver --enable-checking=release --build=x86_64-linux-gnu --host=x86_64-linux-gnu --target=x86_64-linux-gnu --with-build-config=bootstrap-lto-lean --enable-link-mutex
Thread model: posix
gcc version 9.2.1 20200224 (Debian 9.2.1-30) 
configure:2921: $? = 0
configure:2910: gcc -V >&5
gcc: error: unrecognized command line option '-V'
gcc: fatal error: no input files
compilation terminated.
configure:2921: $? = 1
configure:2910: gcc -qversion >&5
gcc: error: unrecognized command line option '-qversion'; did you mean '--version'?
gcc: fatal error: no input files
compilation terminated.
configure:2921: $? = 1
configure:2941: checking whether the C compiler works
configure:2963: gcc    conftest.c  >&5
configure:2967: $? = 0
configure:3015: result: yes
configure:3018: checking for C compiler default output file name
configure:3020: result: a.out
configure:3026: checking for suffix of executables
configure:3033: gcc -o conftest    conftest.c  >&5
configure:3037: $? = 0
configure:3059: result: 
configure:3081: checking whether we are cross compiling
configure:3089: gcc -o conftest    conftest.c  >&5
configure:3093: $? = 0
configure:3100: ./conftest
configure:3104: $? = 0
configure:3119: result: no
configure:3124: checking for suffix of object files
configure:3146: gcc -c   conftest.c >&5
configure:3150: $? = 0
configure:3171: result: o
configure:3175: checking whether we are using the GNU C compiler
configure:3194: gcc -c   conftest.c >&5
configure:3194: $? = 0
configure:3203: result: yes
configure:3212: checking whether gcc accepts -g
configure:3232: gcc -c -g  conftest.c >&5
configure:3232: $? = 0
configure:3273: result: yes
configure:3290: checking for gcc option to accept ISO C89
configure:3353: gcc  -c -g -O2  conftest.c >&5
configure:3353: $? = 0
configure:3366: result: none needed
configure:3391: checking whether gcc understands -c and -o together
configure:3413: gcc -c conftest.c -o conftest2.o
configure:3416: $? = 0
configure:3413: gcc -c conftest.c -o conftest2.o
configure:3416: $? = 0
configure:3428: result: yes
configure:3448: checking whether make supports the include directive
configure:3463: make -f confmf.GNU && cat confinc.out
make[1]: Entering directory '/home/fatah/github/osmocom-bb/src/host/trxcon'
make[1]: Leaving directory '/home/fatah/github/osmocom-bb/src/host/trxcon'
this is the am__doit target
configure:3466: $? = 0
configure:3485: result: yes (GNU style)
configure:3510: checking dependency style of gcc
configure:3621: result: gcc3
configure:3692: checking for pkg-config
configure:3710: found /usr/bin/pkg-config
configure:3722: result: /usr/bin/pkg-config
configure:3747: checking pkg-config is at least version 0.9.0
configure:3750: result: yes
configure:3760: checking for LIBOSMOCORE
configure:3767: $PKG_CONFIG --exists --print-errors "libosmocore"
configure:3770: $? = 0
configure:3784: $PKG_CONFIG --exists --print-errors "libosmocore"
configure:3787: $? = 0
configure:3845: result: yes
configure:3851: checking for LIBOSMOCODING
configure:3858: $PKG_CONFIG --exists --print-errors "libosmocoding"
configure:3861: $? = 0
configure:3875: $PKG_CONFIG --exists --print-errors "libosmocoding"
configure:3878: $? = 0
configure:3936: result: yes
configure:3942: checking for LIBOSMOGSM
configure:3949: $PKG_CONFIG --exists --print-errors "libosmogsm"
configure:3952: $? = 0
configure:3966: $PKG_CONFIG --exists --print-errors "libosmogsm"
configure:3969: $? = 0
configure:4027: result: yes
configure:4038: checking how to run the C preprocessor
configure:4069: gcc -E  conftest.c
configure:4069: $? = 0
configure:4083: gcc -E  conftest.c
conftest.c:11:10: fatal error: ac_nonexistent.h: No such file or directory
   11 | #include <ac_nonexistent.h>
      |          ^~~~~~~~~~~~~~~~~~
compilation terminated.
configure:4083: $? = 1
configure: failed program was:
| /* confdefs.h */
| #define PACKAGE_NAME "trxcon"
| #define PACKAGE_TARNAME "trxcon"
| #define PACKAGE_VERSION "0.0.0"
| #define PACKAGE_STRING "trxcon 0.0.0"
| #define PACKAGE_BUGREPORT ""
| #define PACKAGE_URL ""
| #define PACKAGE "trxcon"
| #define VERSION "0.0.0"
| /* end confdefs.h.  */
| #include <ac_nonexistent.h>
configure:4108: result: gcc -E
configure:4128: gcc -E  conftest.c
configure:4128: $? = 0
configure:4142: gcc -E  conftest.c
conftest.c:11:10: fatal error: ac_nonexistent.h: No such file or directory
   11 | #include <ac_nonexistent.h>
      |          ^~~~~~~~~~~~~~~~~~
compilation terminated.
configure:4142: $? = 1
configure: failed program was:
| /* confdefs.h */
| #define PACKAGE_NAME "trxcon"
| #define PACKAGE_TARNAME "trxcon"
| #define PACKAGE_VERSION "0.0.0"
| #define PACKAGE_STRING "trxcon 0.0.0"
| #define PACKAGE_BUGREPORT ""
| #define PACKAGE_URL ""
| #define PACKAGE "trxcon"
| #define VERSION "0.0.0"
| /* end confdefs.h.  */
| #include <ac_nonexistent.h>
configure:4171: checking for grep that handles long lines and -e
configure:4229: result: /bin/grep
configure:4234: checking for egrep
configure:4296: result: /bin/grep -E
configure:4301: checking for ANSI C header files
configure:4321: gcc -c -g -O2  conftest.c >&5
configure:4321: $? = 0
configure:4394: gcc -o conftest -g -O2   conftest.c  >&5
configure:4394: $? = 0
configure:4394: ./conftest
configure:4394: $? = 0
configure:4405: result: yes
configure:4575: checking that generated files are newer than configure
configure:4581: result: done
configure:4604: creating ./config.status

## ---------------------- ##
## Running config.status. ##
## ---------------------- ##

This file was extended by trxcon config.status 0.0.0, which was
generated by GNU Autoconf 2.69.  Invocation command line was

  CONFIG_FILES    = 
  CONFIG_HEADERS  = 
  CONFIG_LINKS    = 
  CONFIG_COMMANDS = 
  $ ./config.status 

on debi

config.status:785: creating Makefile
config.status:957: executing depfiles commands
config.status:1034: cd .       && sed -e '/# am--include-marker/d' Makefile         | make -f - am--depfiles
make[1]: Entering directory '/home/fatah/github/osmocom-bb/src/host/trxcon'
make[1]: Leaving directory '/home/fatah/github/osmocom-bb/src/host/trxcon'
config.status:1039: $? = 0

## ---------------- ##
## Cache variables. ##
## ---------------- ##

ac_cv_c_compiler_gnu=yes
ac_cv_env_CC_set=
ac_cv_env_CC_value=
ac_cv_env_CFLAGS_set=
ac_cv_env_CFLAGS_value=
ac_cv_env_CPPFLAGS_set=
ac_cv_env_CPPFLAGS_value=
ac_cv_env_CPP_set=
ac_cv_env_CPP_value=
ac_cv_env_LDFLAGS_set=
ac_cv_env_LDFLAGS_value=
ac_cv_env_LIBOSMOCODING_CFLAGS_set=
ac_cv_env_LIBOSMOCODING_CFLAGS_value=
ac_cv_env_LIBOSMOCODING_LIBS_set=
ac_cv_env_LIBOSMOCODING_LIBS_value=
ac_cv_env_LIBOSMOCORE_CFLAGS_set=
ac_cv_env_LIBOSMOCORE_CFLAGS_value=
ac_cv_env_LIBOSMOCORE_LIBS_set=
ac_cv_env_LIBOSMOCORE_LIBS_value=
ac_cv_env_LIBOSMOGSM_CFLAGS_set=
ac_cv_env_LIBOSMOGSM_CFLAGS_value=
ac_cv_env_LIBOSMOGSM_LIBS_set=
ac_cv_env_LIBOSMOGSM_LIBS_value=
ac_cv_env_LIBS_set=
ac_cv_env_LIBS_value=
ac_cv_env_PKG_CONFIG_LIBDIR_set=
ac_cv_env_PKG_CONFIG_LIBDIR_value=
ac_cv_env_PKG_CONFIG_PATH_set=
ac_cv_env_PKG_CONFIG_PATH_value=
ac_cv_env_PKG_CONFIG_set=
ac_cv_env_PKG_CONFIG_value=
ac_cv_env_build_alias_set=
ac_cv_env_build_alias_value=
ac_cv_env_host_alias_set=
ac_cv_env_host_alias_value=
ac_cv_env_target_alias_set=
ac_cv_env_target_alias_value=
ac_cv_header_stdc=yes
ac_cv_objext=o
ac_cv_path_EGREP='/bin/grep -E'
ac_cv_path_GREP=/bin/grep
ac_cv_path_ac_pt_PKG_CONFIG=/usr/bin/pkg-config
ac_cv_path_install='/usr/bin/install -c'
ac_cv_path_mkdir=/bin/mkdir
ac_cv_prog_AWK=gawk
ac_cv_prog_CPP='gcc -E'
ac_cv_prog_ac_ct_CC=gcc
ac_cv_prog_cc_c89=
ac_cv_prog_cc_g=yes
ac_cv_prog_make_make_set=yes
am_cv_CC_dependencies_compiler_type=gcc3
am_cv_make_support_nested_variables=yes
am_cv_prog_cc_c_o=yes
pkg_cv_LIBOSMOCODING_CFLAGS=-I/usr/local/include/
pkg_cv_LIBOSMOCODING_LIBS='-L/usr/local/lib -losmocoding -losmocodec -losmogsm -losmocore'
pkg_cv_LIBOSMOCORE_CFLAGS='-pthread -I/usr/local/include/ -I/usr/local/include'
pkg_cv_LIBOSMOCORE_LIBS='-L/usr/local/lib -Wl,-rpath,/usr/local/lib -ltalloc -losmocore'
pkg_cv_LIBOSMOGSM_CFLAGS=-I/usr/local/include/
pkg_cv_LIBOSMOGSM_LIBS='-L/usr/local/lib -Wl,-rpath,/usr/local/lib -ltalloc -losmogsm -losmocore'

## ----------------- ##
## Output variables. ##
## ----------------- ##

ACLOCAL='${SHELL} /home/fatah/github/osmocom-bb/src/host/trxcon/missing aclocal-1.16'
AMDEPBACKSLASH='\'
AMDEP_FALSE='#'
AMDEP_TRUE=''
AMTAR='$${TAR-tar}'
AM_BACKSLASH='\'
AM_DEFAULT_V='$(AM_DEFAULT_VERBOSITY)'
AM_DEFAULT_VERBOSITY='0'
AM_V='$(V)'
AUTOCONF='${SHELL} /home/fatah/github/osmocom-bb/src/host/trxcon/missing autoconf'
AUTOHEADER='${SHELL} /home/fatah/github/osmocom-bb/src/host/trxcon/missing autoheader'
AUTOMAKE='${SHELL} /home/fatah/github/osmocom-bb/src/host/trxcon/missing automake-1.16'
AWK='gawk'
CC='gcc'
CCDEPMODE='depmode=gcc3'
CFLAGS='-g -O2'
CPP='gcc -E'
CPPFLAGS=''
CYGPATH_W='echo'
DEFS='-DPACKAGE_NAME=\"trxcon\" -DPACKAGE_TARNAME=\"trxcon\" -DPACKAGE_VERSION=\"0.0.0\" -DPACKAGE_STRING=\"trxcon\ 0.0.0\" -DPACKAGE_BUGREPORT=\"\" -DPACKAGE_URL=\"\" -DPACKAGE=\"trxcon\" -DVERSION=\"0.0.0\" -DSTDC_HEADERS=1'
DEPDIR='.deps'
ECHO_C=''
ECHO_N='-n'
ECHO_T=''
EGREP='/bin/grep -E'
EXEEXT=''
GREP='/bin/grep'
INSTALL_DATA='${INSTALL} -m 644'
INSTALL_PROGRAM='${INSTALL}'
INSTALL_SCRIPT='${INSTALL}'
INSTALL_STRIP_PROGRAM='$(install_sh) -c -s'
LDFLAGS=''
LIBOBJS=''
LIBOSMOCODING_CFLAGS='-I/usr/local/include/'
LIBOSMOCODING_LIBS='-L/usr/local/lib -losmocoding -losmocodec -losmogsm -losmocore'
LIBOSMOCORE_CFLAGS='-pthread -I/usr/local/include/ -I/usr/local/include'
LIBOSMOCORE_LIBS='-L/usr/local/lib -Wl,-rpath,/usr/local/lib -ltalloc -losmocore'
LIBOSMOGSM_CFLAGS='-I/usr/local/include/'
LIBOSMOGSM_LIBS='-L/usr/local/lib -Wl,-rpath,/usr/local/lib -ltalloc -losmogsm -losmocore'
LIBS=''
LTLIBOBJS=''
MAKEINFO='${SHELL} /home/fatah/github/osmocom-bb/src/host/trxcon/missing makeinfo'
MKDIR_P='/bin/mkdir -p'
OBJEXT='o'
PACKAGE='trxcon'
PACKAGE_BUGREPORT=''
PACKAGE_NAME='trxcon'
PACKAGE_STRING='trxcon 0.0.0'
PACKAGE_TARNAME='trxcon'
PACKAGE_URL=''
PACKAGE_VERSION='0.0.0'
PATH_SEPARATOR=':'
PKG_CONFIG='/usr/bin/pkg-config'
PKG_CONFIG_LIBDIR=''
PKG_CONFIG_PATH=''
SET_MAKE=''
SHELL='/bin/bash'
STRIP=''
VERSION='0.0.0'
ac_ct_CC='gcc'
am__EXEEXT_FALSE=''
am__EXEEXT_TRUE='#'
am__fastdepCC_FALSE='#'
am__fastdepCC_TRUE=''
am__include='include'
am__isrc=''
am__leading_dot='.'
am__nodep='_no'
am__quote=''
am__tar='$${TAR-tar} chof - "$$tardir"'
am__untar='$${TAR-tar} xf -'
bindir='${exec_prefix}/bin'
build_alias=''
datadir='${datarootdir}'
datarootdir='${prefix}/share'
docdir='${datarootdir}/doc/${PACKAGE_TARNAME}'
dvidir='${docdir}'
exec_prefix='${prefix}'
host_alias=''
htmldir='${docdir}'
includedir='${prefix}/include'
infodir='${datarootdir}/info'
install_sh='${SHELL} /home/fatah/github/osmocom-bb/src/host/trxcon/install-sh'
libdir='${exec_prefix}/lib'
libexecdir='${exec_prefix}/libexec'
localedir='${datarootdir}/locale'
localstatedir='${prefix}/var'
mandir='${datarootdir}/man'
mkdir_p='$(MKDIR_P)'
oldincludedir='/usr/include'
pdfdir='${docdir}'
prefix='/usr/local'
program_transform_name='s,x,x,'
psdir='${docdir}'
runstatedir='${localstatedir}/run'
sbindir='${exec_prefix}/sbin'
sharedstatedir='${prefix}/com'
sysconfdir='${prefix}/etc'
target_alias=''

## ----------- ##
## confdefs.h. ##
## ----------- ##

/* confdefs.h */
#define PACKAGE_NAME "trxcon"
#define PACKAGE_TARNAME "trxcon"
#define PACKAGE_VERSION "0.0.0"
#define PACKAGE_STRING "trxcon 0.0.0"
#define PACKAGE_BUGREPORT ""
#define PACKAGE_URL ""
#define PACKAGE "trxcon"
#define VERSION "0.0.0"
#define STDC_HEADERS 1

configure: exit 0
